Build started 12/13/2014 10:14:39 PM.
     1>Project "D:\gopi\connectAlways\MessageInterceptor\poco-1.4.7-all\poco-1.4.7-all\Foundation\Foundation_vs100.vcxproj" on node 2 (build target(s)).
     1>InitializeBuildStatus:
         Creating "obj\Foundation\debug_static_mt\Foundation.unsuccessfulbuild" because "AlwaysCreate" was specified.
       CustomBuild:
         MC: Compiling D:\gopi\connectAlways\MessageInterceptor\poco-1.4.7-all\poco-1.4.7-all\Foundation\src\pocomsg.mc
         Performing Custom Build Tools
       ClCompile:
         C:\Program Files (x86)\Microsoft Visual Studio 10.0\VC\bin\CL.exe /c /I.\include /ZI /nologo /W3 /WX- /Od /Oy- /D WIN32 /D _DEBUG /D _WINDOWS /D Foundation_EXPORTS /D POCO_STATIC /D PCRE_STATIC /D _VC80_UPGRADE=0x0710 /D _MBCS /GF /Gm /EHsc /RTC1 /MTd /GS /fp:precise /Zc:wchar_t /Zc:forScope /GR /Fo"obj\Foundation\debug_static_mt\\" /Fd"..\lib\PocoFoundationmtd.pdb" /Gd /TP /analyze- /errorReport:prompt src\Ascii.cpp src\AtomicCounter.cpp src\Bugcheck.cpp src\ByteOrder.cpp src\Checksum.cpp src\Debugger.cpp src\DirectoryWatcher.cpp src\DynamicAny.cpp src\DynamicAnyHolder.cpp src\Environment.cpp src\Exception.cpp src\Format.cpp src\FPEnvironment.cpp src\Latin2Encoding.cpp src\MemoryPool.cpp src\NestedDiagnosticContext.cpp src\NumberFormatter.cpp src\NumberParser.cpp src\RefCountedObject.cpp src\String.cpp src\StringTokenizer.cpp src\Void.cpp src\Base64Decoder.cpp src\Base64Encoder.cpp src\BinaryReader.cpp src\BinaryWriter.cpp src\CountingStream.cpp src\DeflatingStream.cpp src\FileStream.cpp src\HexBinaryDecoder.cpp src\HexBinaryEncoder.cpp src\InflatingStream.cpp src\LineEndingConverter.cpp src\MemoryStream.cpp src\NullStream.cpp src\StreamCopier.cpp src\StreamTokenizer.cpp src\TeeStream.cpp src\Token.cpp src\Windows1250Encoding.cpp src\Windows1251Encoding.cpp src\ActiveDispatcher.cpp src\Condition.cpp src\ErrorHandler.cpp src\Event.cpp src\Mutex.cpp src\Runnable.cpp src\RWLock.cpp src\Semaphore.cpp src\SignalHandler.cpp src\SynchronizedObject.cpp src\Thread.cpp src\ThreadLocal.cpp src\ThreadPool.cpp src\ThreadTarget.cpp src\Timer.cpp src\DigestEngine.cpp src\DigestStream.cpp src\MD4Engine.cpp src\MD5Engine.cpp src\Random.cpp src\RandomStream.cpp src\SHA1Engine.cpp src\Manifest.cpp src\SharedLibrary.cpp src\RegularExpression.cpp src\ArchiveStrategy.cpp src\AsyncChannel.cpp src\Channel.cpp src\Configurable.cpp src\ConsoleChannel.cpp src\EventLogChannel.cpp src\FileChannel.cpp src\Formatter.cpp src\FormattingChannel.cpp src\LogFile.cpp src\Logger.cpp src\LoggingFactory.cpp src\LoggingRegistry.cpp src\LogStream.cpp src\Message.cpp src\NullChannel.cpp src\PatternFormatter.cpp src\PurgeStrategy.cpp src\RotateStrategy.cpp src\SimpleFileChannel.cpp src\SplitterChannel.cpp src\StreamChannel.cpp src\WindowsConsoleChannel.cpp src\AbstractObserver.cpp src\Notification.cpp src\NotificationCenter.cpp src\NotificationQueue.cpp src\PriorityNotificationQueue.cpp src\TimedNotificationQueue.cpp src\DirectoryIterator.cpp src\File.cpp src\Glob.cpp src\Path.cpp src\TemporaryFile.cpp src\NamedEvent.cpp src\NamedMutex.cpp src\Pipe.cpp src\PipeImpl.cpp src\PipeStream.cpp src\Process.cpp src\SharedMemory.cpp src\UUID.cpp src\UUIDGenerator.cpp src\Clock.cpp src\DateTime.cpp src\DateTimeFormat.cpp src\DateTimeFormatter.cpp src\DateTimeParser.cpp src\LocalDateTime.cpp src\Stopwatch.cpp src\Timespan.cpp src\Timestamp.cpp src\Timezone.cpp src\ASCIIEncoding.cpp src\Latin1Encoding.cpp src\Latin9Encoding.cpp src\StreamConverter.cpp src\TextBufferIterator.cpp src\TextConverter.cpp src\TextEncoding.cpp src\TextIterator.cpp src\Unicode.cpp src\UnicodeConverter.cpp src\UTF16Encoding.cpp src\UTF8Encoding.cpp src\UTF8String.cpp src\Windows1252Encoding.cpp src\FileStreamFactory.cpp src\URI.cpp src\URIStreamFactory.cpp src\URIStreamOpener.cpp src\Task.cpp src\TaskManager.cpp src\TaskNotification.cpp src\EventArgs.cpp src\Hash.cpp src\HashStatistic.cpp
         HashStatistic.cpp
         Hash.cpp
         EventArgs.cpp
         TaskNotification.cpp
         TaskManager.cpp
         Task.cpp
         URIStreamOpener.cpp
         URIStreamFactory.cpp
         URI.cpp
         FileStreamFactory.cpp
         Windows1252Encoding.cpp
         UTF8String.cpp
         UTF8Encoding.cpp
         UTF16Encoding.cpp
         UnicodeConverter.cpp
         Unicode.cpp
         TextIterator.cpp
         TextEncoding.cpp
         TextConverter.cpp
         TextBufferIterator.cpp
         Generating Code...
         Compiling...
         StreamConverter.cpp
         Latin9Encoding.cpp
         Latin1Encoding.cpp
         ASCIIEncoding.cpp
         Timezone.cpp
         Timestamp.cpp
         Timespan.cpp
         Stopwatch.cpp
         LocalDateTime.cpp
         DateTimeParser.cpp
         DateTimeFormatter.cpp
         DateTimeFormat.cpp
         DateTime.cpp
         Clock.cpp
         UUIDGenerator.cpp
         UUID.cpp
         SharedMemory.cpp
         Process.cpp
         PipeStream.cpp
         PipeImpl.cpp
         Generating Code...
         Compiling...
         Pipe.cpp
         NamedMutex.cpp
         NamedEvent.cpp
         TemporaryFile.cpp
         Path.cpp
         Glob.cpp
         File.cpp
         DirectoryIterator.cpp
         TimedNotificationQueue.cpp
         PriorityNotificationQueue.cpp
         NotificationQueue.cpp
         NotificationCenter.cpp
         Notification.cpp
         AbstractObserver.cpp
         WindowsConsoleChannel.cpp
         StreamChannel.cpp
         SplitterChannel.cpp
         SimpleFileChannel.cpp
         RotateStrategy.cpp
         PurgeStrategy.cpp
         Generating Code...
         Compiling...
         PatternFormatter.cpp
         NullChannel.cpp
         Message.cpp
         LogStream.cpp
         LoggingRegistry.cpp
         LoggingFactory.cpp
         Logger.cpp
         LogFile.cpp
         FormattingChannel.cpp
         Formatter.cpp
         FileChannel.cpp
         EventLogChannel.cpp
         ConsoleChannel.cpp
         Configurable.cpp
         Channel.cpp
         AsyncChannel.cpp
         ArchiveStrategy.cpp
         RegularExpression.cpp
         SharedLibrary.cpp
         Manifest.cpp
         Generating Code...
         Compiling...
         SHA1Engine.cpp
         RandomStream.cpp
         Random.cpp
         MD5Engine.cpp
         MD4Engine.cpp
         DigestStream.cpp
         DigestEngine.cpp
         Timer.cpp
         ThreadTarget.cpp
         ThreadPool.cpp
         ThreadLocal.cpp
         Thread.cpp
         SynchronizedObject.cpp
         SignalHandler.cpp
         Semaphore.cpp
         RWLock.cpp
         Runnable.cpp
         Mutex.cpp
         Event.cpp
         ErrorHandler.cpp
         Generating Code...
         Compiling...
         Condition.cpp
         ActiveDispatcher.cpp
         Windows1251Encoding.cpp
         Windows1250Encoding.cpp
         Token.cpp
         TeeStream.cpp
         StreamTokenizer.cpp
         StreamCopier.cpp
         NullStream.cpp
         MemoryStream.cpp
         LineEndingConverter.cpp
         InflatingStream.cpp
         HexBinaryEncoder.cpp
         HexBinaryDecoder.cpp
         FileStream.cpp
         DeflatingStream.cpp
         CountingStream.cpp
         BinaryWriter.cpp
         BinaryReader.cpp
         Base64Encoder.cpp
         Generating Code...
         Compiling...
         Base64Decoder.cpp
         Void.cpp
         StringTokenizer.cpp
         String.cpp
         RefCountedObject.cpp
         NumberParser.cpp
         NumberFormatter.cpp
         NestedDiagnosticContext.cpp
         MemoryPool.cpp
         Latin2Encoding.cpp
         FPEnvironment.cpp
         Format.cpp
         Exception.cpp
         Environment.cpp
         DynamicAnyHolder.cpp
         DynamicAny.cpp
         DirectoryWatcher.cpp
         Debugger.cpp
         Checksum.cpp
         ByteOrder.cpp
         Generating Code...
         Compiling...
         Bugcheck.cpp
         AtomicCounter.cpp
         Ascii.cpp
         Generating Code...
         C:\Program Files (x86)\Microsoft Visual Studio 10.0\VC\bin\CL.exe /c /I.\include /ZI /nologo /W3 /WX- /Od /Oy- /D WIN32 /D _DEBUG /D _WINDOWS /D Foundation_EXPORTS /D POCO_STATIC /D PCRE_STATIC /D _VC80_UPGRADE=0x0710 /D _MBCS /GF /Gm /EHsc /RTC1 /MTd /GS /fp:precise /Zc:wchar_t /Zc:forScope /GR /Fo"obj\Foundation\debug_static_mt\\" /Fd"..\lib\PocoFoundationmtd.pdb" /Gd /TC /analyze- /errorReport:prompt src\adler32.c src\compress.c src\crc32.c src\deflate.c src\infback.c src\inffast.c src\inflate.c src\inftrees.c src\trees.c src\zutil.c src\pcre_chartables.c src\pcre_compile.c src\pcre_exec.c src\pcre_fullinfo.c src\pcre_globals.c src\pcre_maketables.c src\pcre_newline.c src\pcre_ord2utf8.c src\pcre_study.c src\pcre_tables.c src\pcre_try_flipped.c src\pcre_ucd.c src\pcre_valid_utf8.c src\pcre_xclass.c
         pcre_xclass.c
         pcre_valid_utf8.c
         pcre_ucd.c
         pcre_try_flipped.c
         pcre_tables.c
         pcre_study.c
         pcre_ord2utf8.c
         pcre_newline.c
         pcre_maketables.c
         pcre_globals.c
         pcre_fullinfo.c
         pcre_exec.c
         pcre_compile.c
         pcre_chartables.c
         zutil.c
         trees.c
         inftrees.c
         inflate.c
         inffast.c
         infback.c
         Generating Code...
         Compiling...
         deflate.c
         crc32.c
         compress.c
         adler32.c
         Generating Code...
       ResourceCompile:
         C:\Program Files (x86)\Microsoft SDKs\Windows\v7.0A\bin\rc.exe /D _VC80_UPGRADE=0x0710 /l"0x0409" /nologo /fo"obj\Foundation\debug_static_mt\pocomsg.res" src\pocomsg.rc 
       Lib:
         C:\Program Files (x86)\Microsoft Visual Studio 10.0\VC\bin\Lib.exe /OUT:"..\lib\PocoFoundationmtd.lib" ws2_32.lib iphlpapi.lib /NOLOGO obj\Foundation\debug_static_mt\pocomsg.res
         obj\Foundation\debug_static_mt\Ascii.obj
         obj\Foundation\debug_static_mt\AtomicCounter.obj
         obj\Foundation\debug_static_mt\Bugcheck.obj
         obj\Foundation\debug_static_mt\ByteOrder.obj
         obj\Foundation\debug_static_mt\Checksum.obj
         obj\Foundation\debug_static_mt\Debugger.obj
         obj\Foundation\debug_static_mt\DirectoryWatcher.obj
         obj\Foundation\debug_static_mt\DynamicAny.obj
         obj\Foundation\debug_static_mt\DynamicAnyHolder.obj
         obj\Foundation\debug_static_mt\Environment.obj
         obj\Foundation\debug_static_mt\Exception.obj
         obj\Foundation\debug_static_mt\Format.obj
         obj\Foundation\debug_static_mt\FPEnvironment.obj
         obj\Foundation\debug_static_mt\Latin2Encoding.obj
         obj\Foundation\debug_static_mt\MemoryPool.obj
         obj\Foundation\debug_static_mt\NestedDiagnosticContext.obj
         obj\Foundation\debug_static_mt\NumberFormatter.obj
         obj\Foundation\debug_static_mt\NumberParser.obj
         obj\Foundation\debug_static_mt\RefCountedObject.obj
         obj\Foundation\debug_static_mt\String.obj
         obj\Foundation\debug_static_mt\StringTokenizer.obj
         obj\Foundation\debug_static_mt\Void.obj
         obj\Foundation\debug_static_mt\Base64Decoder.obj
         obj\Foundation\debug_static_mt\Base64Encoder.obj
         obj\Foundation\debug_static_mt\BinaryReader.obj
         obj\Foundation\debug_static_mt\BinaryWriter.obj
         obj\Foundation\debug_static_mt\CountingStream.obj
         obj\Foundation\debug_static_mt\DeflatingStream.obj
         obj\Foundation\debug_static_mt\FileStream.obj
         obj\Foundation\debug_static_mt\HexBinaryDecoder.obj
         obj\Foundation\debug_static_mt\HexBinaryEncoder.obj
         obj\Foundation\debug_static_mt\InflatingStream.obj
         obj\Foundation\debug_static_mt\LineEndingConverter.obj
         obj\Foundation\debug_static_mt\MemoryStream.obj
         obj\Foundation\debug_static_mt\NullStream.obj
         obj\Foundation\debug_static_mt\StreamCopier.obj
         obj\Foundation\debug_static_mt\StreamTokenizer.obj
         obj\Foundation\debug_static_mt\TeeStream.obj
         obj\Foundation\debug_static_mt\Token.obj
         obj\Foundation\debug_static_mt\adler32.obj
         obj\Foundation\debug_static_mt\compress.obj
         obj\Foundation\debug_static_mt\crc32.obj
         obj\Foundation\debug_static_mt\deflate.obj
         obj\Foundation\debug_static_mt\infback.obj
         obj\Foundation\debug_static_mt\inffast.obj
         obj\Foundation\debug_static_mt\inflate.obj
         obj\Foundation\debug_static_mt\inftrees.obj
         obj\Foundation\debug_static_mt\trees.obj
         obj\Foundation\debug_static_mt\Windows1250Encoding.obj
         obj\Foundation\debug_static_mt\Windows1251Encoding.obj
         obj\Foundation\debug_static_mt\zutil.obj
         obj\Foundation\debug_static_mt\ActiveDispatcher.obj
         obj\Foundation\debug_static_mt\Condition.obj
         obj\Foundation\debug_static_mt\ErrorHandler.obj
         obj\Foundation\debug_static_mt\Event.obj
         obj\Foundation\debug_static_mt\Mutex.obj
         obj\Foundation\debug_static_mt\Runnable.obj
         obj\Foundation\debug_static_mt\RWLock.obj
         obj\Foundation\debug_static_mt\Semaphore.obj
         obj\Foundation\debug_static_mt\SignalHandler.obj
         obj\Foundation\debug_static_mt\SynchronizedObject.obj
         obj\Foundation\debug_static_mt\Thread.obj
         obj\Foundation\debug_static_mt\ThreadLocal.obj
         obj\Foundation\debug_static_mt\ThreadPool.obj
         obj\Foundation\debug_static_mt\ThreadTarget.obj
         obj\Foundation\debug_static_mt\Timer.obj
         obj\Foundation\debug_static_mt\DigestEngine.obj
         obj\Foundation\debug_static_mt\DigestStream.obj
         obj\Foundation\debug_static_mt\MD4Engine.obj
         obj\Foundation\debug_static_mt\MD5Engine.obj
         obj\Foundation\debug_static_mt\Random.obj
         obj\Foundation\debug_static_mt\RandomStream.obj
         obj\Foundation\debug_static_mt\SHA1Engine.obj
         obj\Foundation\debug_static_mt\Manifest.obj
         obj\Foundation\debug_static_mt\SharedLibrary.obj
         obj\Foundation\debug_static_mt\RegularExpression.obj
         obj\Foundation\debug_static_mt\pcre_chartables.obj
         obj\Foundation\debug_static_mt\pcre_compile.obj
         obj\Foundation\debug_static_mt\pcre_exec.obj
         obj\Foundation\debug_static_mt\pcre_fullinfo.obj
         obj\Foundation\debug_static_mt\pcre_globals.obj
         obj\Foundation\debug_static_mt\pcre_maketables.obj
         obj\Foundation\debug_static_mt\pcre_newline.obj
         obj\Foundation\debug_static_mt\pcre_ord2utf8.obj
         obj\Foundation\debug_static_mt\pcre_study.obj
         obj\Foundation\debug_static_mt\pcre_tables.obj
         obj\Foundation\debug_static_mt\pcre_try_flipped.obj
         obj\Foundation\debug_static_mt\pcre_ucd.obj
         obj\Foundation\debug_static_mt\pcre_valid_utf8.obj
         obj\Foundation\debug_static_mt\pcre_xclass.obj
         obj\Foundation\debug_static_mt\ArchiveStrategy.obj
         obj\Foundation\debug_static_mt\AsyncChannel.obj
         obj\Foundation\debug_static_mt\Channel.obj
         obj\Foundation\debug_static_mt\Configurable.obj
         obj\Foundation\debug_static_mt\ConsoleChannel.obj
         obj\Foundation\debug_static_mt\EventLogChannel.obj
         obj\Foundation\debug_static_mt\FileChannel.obj
         obj\Foundation\debug_static_mt\Formatter.obj
         obj\Foundation\debug_static_mt\FormattingChannel.obj
         obj\Foundation\debug_static_mt\LogFile.obj
         obj\Foundation\debug_static_mt\Logger.obj
         obj\Foundation\debug_static_mt\LoggingFactory.obj
         obj\Foundation\debug_static_mt\LoggingRegistry.obj
         obj\Foundation\debug_static_mt\LogStream.obj
         obj\Foundation\debug_static_mt\Message.obj
         obj\Foundation\debug_static_mt\NullChannel.obj
         obj\Foundation\debug_static_mt\PatternFormatter.obj
         obj\Foundation\debug_static_mt\PurgeStrategy.obj
         obj\Foundation\debug_static_mt\RotateStrategy.obj
         obj\Foundation\debug_static_mt\SimpleFileChannel.obj
         obj\Foundation\debug_static_mt\SplitterChannel.obj
         obj\Foundation\debug_static_mt\StreamChannel.obj
         obj\Foundation\debug_static_mt\WindowsConsoleChannel.obj
         obj\Foundation\debug_static_mt\AbstractObserver.obj
         obj\Foundation\debug_static_mt\Notification.obj
         obj\Foundation\debug_static_mt\NotificationCenter.obj
         obj\Foundation\debug_static_mt\NotificationQueue.obj
         obj\Foundation\debug_static_mt\PriorityNotificationQueue.obj
         obj\Foundation\debug_static_mt\TimedNotificationQueue.obj
         obj\Foundation\debug_static_mt\DirectoryIterator.obj
         obj\Foundation\debug_static_mt\File.obj
         obj\Foundation\debug_static_mt\Glob.obj
         obj\Foundation\debug_static_mt\Path.obj
         obj\Foundation\debug_static_mt\TemporaryFile.obj
         obj\Foundation\debug_static_mt\NamedEvent.obj
         obj\Foundation\debug_static_mt\NamedMutex.obj
         obj\Foundation\debug_static_mt\Pipe.obj
         obj\Foundation\debug_static_mt\PipeImpl.obj
         obj\Foundation\debug_static_mt\PipeStream.obj
         obj\Foundation\debug_static_mt\Process.obj
         obj\Foundation\debug_static_mt\SharedMemory.obj
         obj\Foundation\debug_static_mt\UUID.obj
         obj\Foundation\debug_static_mt\UUIDGenerator.obj
         obj\Foundation\debug_static_mt\Clock.obj
         obj\Foundation\debug_static_mt\DateTime.obj
         obj\Foundation\debug_static_mt\DateTimeFormat.obj
         obj\Foundation\debug_static_mt\DateTimeFormatter.obj
         obj\Foundation\debug_static_mt\DateTimeParser.obj
         obj\Foundation\debug_static_mt\LocalDateTime.obj
         obj\Foundation\debug_static_mt\Stopwatch.obj
         obj\Foundation\debug_static_mt\Timespan.obj
         obj\Foundation\debug_static_mt\Timestamp.obj
         obj\Foundation\debug_static_mt\Timezone.obj
         obj\Foundation\debug_static_mt\ASCIIEncoding.obj
         obj\Foundation\debug_static_mt\Latin1Encoding.obj
         obj\Foundation\debug_static_mt\Latin9Encoding.obj
         obj\Foundation\debug_static_mt\StreamConverter.obj
         obj\Foundation\debug_static_mt\TextBufferIterator.obj
         obj\Foundation\debug_static_mt\TextConverter.obj
         obj\Foundation\debug_static_mt\TextEncoding.obj
         obj\Foundation\debug_static_mt\TextIterator.obj
         obj\Foundation\debug_static_mt\Unicode.obj
         obj\Foundation\debug_static_mt\UnicodeConverter.obj
         obj\Foundation\debug_static_mt\UTF16Encoding.obj
         obj\Foundation\debug_static_mt\UTF8Encoding.obj
         obj\Foundation\debug_static_mt\UTF8String.obj
         obj\Foundation\debug_static_mt\Windows1252Encoding.obj
         obj\Foundation\debug_static_mt\FileStreamFactory.obj
         obj\Foundation\debug_static_mt\URI.obj
         obj\Foundation\debug_static_mt\URIStreamFactory.obj
         obj\Foundation\debug_static_mt\URIStreamOpener.obj
         obj\Foundation\debug_static_mt\Task.obj
         obj\Foundation\debug_static_mt\TaskManager.obj
         obj\Foundation\debug_static_mt\TaskNotification.obj
         obj\Foundation\debug_static_mt\EventArgs.obj
         obj\Foundation\debug_static_mt\Hash.obj
         obj\Foundation\debug_static_mt\HashStatistic.obj
     1>LINK : warning LNK4068: /MACHINE not specified; defaulting to X86
     1>iphlpapi.lib(IPHLPAPI.DLL) : warning LNK4006: __NULL_IMPORT_DESCRIPTOR already defined in ws2_32.lib(WS2_32.dll); second definition ignored
     1>iphlpapi.lib(IPHLPAPI.DLL) : warning LNK4221: This object file does not define any previously undefined public symbols, so it will not be used by any link operation that consumes this library
     1>SignalHandler.obj : warning LNK4221: This object file does not define any previously undefined public symbols, so it will not be used by any link operation that consumes this library
     1>String.obj : warning LNK4221: This object file does not define any previously undefined public symbols, so it will not be used by any link operation that consumes this library
     1>ByteOrder.obj : warning LNK4221: This object file does not define any previously undefined public symbols, so it will not be used by any link operation that consumes this library
         Foundation_vs100.vcxproj -> D:\gopi\connectAlways\MessageInterceptor\poco-1.4.7-all\poco-1.4.7-all\Foundation\..\lib\PocoFoundationmtd.lib
       FinalizeBuildStatus:
         Deleting file "obj\Foundation\debug_static_mt\Foundation.unsuccessfulbuild".
         Touching "obj\Foundation\debug_static_mt\Foundation.lastbuildstate".
     1>Done Building Project "D:\gopi\connectAlways\MessageInterceptor\poco-1.4.7-all\poco-1.4.7-all\Foundation\Foundation_vs100.vcxproj" (build target(s)).

Build succeeded.

Time Elapsed 00:01:58.56
