D:\GOPI\CONNECTALWAYS\MESSAGEINTERCEPTOR\DEBUG\MESSAGEINTERCEPTOR.EXE
D:\GOPI\CONNECTALWAYS\MESSAGEINTERCEPTOR\DEBUG\MESSAGEINTERCEPTOR.ILK
D:\GOPI\CONNECTALWAYS\MESSAGEINTERCEPTOR\DEBUG\MESSAGEINTERCEPTOR.PDB
D:\GOPI\CONNECTALWAYS\MESSAGEINTERCEPTOR\MESSAGEINTERCEPTOR\DEBUG\EVENTIDENTIFIERTHREAD.OBJ
D:\GOPI\CONNECTALWAYS\MESSAGEINTERCEPTOR\MESSAGEINTERCEPTOR\DEBUG\INTERCEPTORCLASS.OBJ
D:\GOPI\CONNECTALWAYS\MESSAGEINTERCEPTOR\MESSAGEINTERCEPTOR\DEBUG\MESSAGEINTERCEPTOR.EXE.EMBED.MANIFEST
D:\GOPI\CONNECTALWAYS\MESSAGEINTERCEPTOR\MESSAGEINTERCEPTOR\DEBUG\MESSAGEINTERCEPTOR.EXE.EMBED.MANIFEST.RES
D:\GOPI\CONNECTALWAYS\MESSAGEINTERCEPTOR\MESSAGEINTERCEPTOR\DEBUG\MESSAGEINTERCEPTOR.EXE.INTERMEDIATE.MANIFEST
D:\GOPI\CONNECTALWAYS\MESSAGEINTERCEPTOR\MESSAGEINTERCEPTOR\DEBUG\REGISTERTHREAD.OBJ
D:\GOPI\CONNECTALWAYS\MESSAGEINTERCEPTOR\MESSAGEINTERCEPTOR\DEBUG\VC100.PDB
E:\gitRepo\ConnectAlways\connectAlways\MessageInterceptor\Debug\MessageInterceptor.exe
E:\gitRepo\ConnectAlways\connectAlways\MessageInterceptor\Debug\MessageInterceptor.ilk
E:\gitRepo\ConnectAlways\connectAlways\MessageInterceptor\Debug\MessageInterceptor.pdb
E:\gitRepo\ConnectAlways\connectAlways\MessageInterceptor\MessageInterceptor\Debug\cl.command.1.tlog
E:\gitRepo\ConnectAlways\connectAlways\MessageInterceptor\MessageInterceptor\Debug\CL.read.1.tlog
E:\gitRepo\ConnectAlways\connectAlways\MessageInterceptor\MessageInterceptor\Debug\CL.write.1.tlog
E:\gitRepo\ConnectAlways\connectAlways\MessageInterceptor\MessageInterceptor\Debug\EventIdentifierThread.obj
E:\gitRepo\ConnectAlways\connectAlways\MessageInterceptor\MessageInterceptor\Debug\InterceptorClass.obj
E:\gitRepo\ConnectAlways\connectAlways\MessageInterceptor\MessageInterceptor\Debug\link.5104.read.1.tlog
E:\gitRepo\ConnectAlways\connectAlways\MessageInterceptor\MessageInterceptor\Debug\link.5104.write.1.tlog
E:\gitRepo\ConnectAlways\connectAlways\MessageInterceptor\MessageInterceptor\Debug\link.5104-cvtres.read.1.tlog
E:\gitRepo\ConnectAlways\connectAlways\MessageInterceptor\MessageInterceptor\Debug\link.5104-cvtres.write.1.tlog
E:\gitRepo\ConnectAlways\connectAlways\MessageInterceptor\MessageInterceptor\Debug\link.command.1.tlog
E:\gitRepo\ConnectAlways\connectAlways\MessageInterceptor\MessageInterceptor\Debug\link.read.1.tlog
E:\gitRepo\ConnectAlways\connectAlways\MessageInterceptor\MessageInterceptor\Debug\link.write.1.tlog
E:\gitRepo\ConnectAlways\connectAlways\MessageInterceptor\MessageInterceptor\Debug\link-cvtres.read.1.tlog
E:\gitRepo\ConnectAlways\connectAlways\MessageInterceptor\MessageInterceptor\Debug\link-cvtres.write.1.tlog
E:\gitRepo\ConnectAlways\connectAlways\MessageInterceptor\MessageInterceptor\Debug\MessageInterceptor.exe.embed.manifest
E:\gitRepo\ConnectAlways\connectAlways\MessageInterceptor\MessageInterceptor\Debug\MessageInterceptor.exe.embed.manifest.res
E:\gitRepo\ConnectAlways\connectAlways\MessageInterceptor\MessageInterceptor\Debug\MessageInterceptor.exe.intermediate.manifest
E:\gitRepo\ConnectAlways\connectAlways\MessageInterceptor\MessageInterceptor\Debug\MessageInterceptor.vcxprojResolveAssemblyReference.cache
E:\gitRepo\ConnectAlways\connectAlways\MessageInterceptor\MessageInterceptor\Debug\MessageInterceptor_manifest.rc
E:\gitRepo\ConnectAlways\connectAlways\MessageInterceptor\MessageInterceptor\Debug\mt.command.1.tlog
E:\gitRepo\ConnectAlways\connectAlways\MessageInterceptor\MessageInterceptor\Debug\mt.read.1.tlog
E:\gitRepo\ConnectAlways\connectAlways\MessageInterceptor\MessageInterceptor\Debug\mt.write.1.tlog
E:\gitRepo\ConnectAlways\connectAlways\MessageInterceptor\MessageInterceptor\Debug\rc.command.1.tlog
E:\gitRepo\ConnectAlways\connectAlways\MessageInterceptor\MessageInterceptor\Debug\rc.read.1.tlog
E:\gitRepo\ConnectAlways\connectAlways\MessageInterceptor\MessageInterceptor\Debug\rc.write.1.tlog
E:\gitRepo\ConnectAlways\connectAlways\MessageInterceptor\MessageInterceptor\Debug\RegisterThread.obj
E:\gitRepo\ConnectAlways\connectAlways\MessageInterceptor\MessageInterceptor\Debug\vc100.idb
E:\gitRepo\ConnectAlways\connectAlways\MessageInterceptor\MessageInterceptor\Debug\vc100.pdb
