D:\GOPI\CONNECTALWAYS\MESSAGEINTERCEPTOR\POCO-1.4.7-ALL\POCO-1.4.7-ALL\FOUNDATION\OBJ\DEBUG_STATIC_MT\ABSTRACTOBSERVER.OBJ
D:\GOPI\CONNECTALWAYS\MESSAGEINTERCEPTOR\POCO-1.4.7-ALL\POCO-1.4.7-ALL\FOUNDATION\OBJ\DEBUG_STATIC_MT\ACTIVEDISPATCHER.OBJ
D:\GOPI\CONNECTALWAYS\MESSAGEINTERCEPTOR\POCO-1.4.7-ALL\POCO-1.4.7-ALL\FOUNDATION\OBJ\DEBUG_STATIC_MT\ADLER32.OBJ
D:\GOPI\CONNECTALWAYS\MESSAGEINTERCEPTOR\POCO-1.4.7-ALL\POCO-1.4.7-ALL\FOUNDATION\OBJ\DEBUG_STATIC_MT\ARCHIVESTRATEGY.OBJ
D:\GOPI\CONNECTALWAYS\MESSAGEINTERCEPTOR\POCO-1.4.7-ALL\POCO-1.4.7-ALL\FOUNDATION\OBJ\DEBUG_STATIC_MT\ASCII.OBJ
D:\GOPI\CONNECTALWAYS\MESSAGEINTERCEPTOR\POCO-1.4.7-ALL\POCO-1.4.7-ALL\FOUNDATION\OBJ\DEBUG_STATIC_MT\ASCIIENCODING.OBJ
D:\GOPI\CONNECTALWAYS\MESSAGEINTERCEPTOR\POCO-1.4.7-ALL\POCO-1.4.7-ALL\FOUNDATION\OBJ\DEBUG_STATIC_MT\ASYNCCHANNEL.OBJ
D:\GOPI\CONNECTALWAYS\MESSAGEINTERCEPTOR\POCO-1.4.7-ALL\POCO-1.4.7-ALL\FOUNDATION\OBJ\DEBUG_STATIC_MT\ATOMICCOUNTER.OBJ
D:\GOPI\CONNECTALWAYS\MESSAGEINTERCEPTOR\POCO-1.4.7-ALL\POCO-1.4.7-ALL\FOUNDATION\OBJ\DEBUG_STATIC_MT\BASE64DECODER.OBJ
D:\GOPI\CONNECTALWAYS\MESSAGEINTERCEPTOR\POCO-1.4.7-ALL\POCO-1.4.7-ALL\FOUNDATION\OBJ\DEBUG_STATIC_MT\BASE64ENCODER.OBJ
D:\GOPI\CONNECTALWAYS\MESSAGEINTERCEPTOR\POCO-1.4.7-ALL\POCO-1.4.7-ALL\FOUNDATION\OBJ\DEBUG_STATIC_MT\BINARYREADER.OBJ
D:\GOPI\CONNECTALWAYS\MESSAGEINTERCEPTOR\POCO-1.4.7-ALL\POCO-1.4.7-ALL\FOUNDATION\OBJ\DEBUG_STATIC_MT\BINARYWRITER.OBJ
D:\GOPI\CONNECTALWAYS\MESSAGEINTERCEPTOR\POCO-1.4.7-ALL\POCO-1.4.7-ALL\FOUNDATION\OBJ\DEBUG_STATIC_MT\BUGCHECK.OBJ
D:\GOPI\CONNECTALWAYS\MESSAGEINTERCEPTOR\POCO-1.4.7-ALL\POCO-1.4.7-ALL\FOUNDATION\OBJ\DEBUG_STATIC_MT\BYTEORDER.OBJ
D:\GOPI\CONNECTALWAYS\MESSAGEINTERCEPTOR\POCO-1.4.7-ALL\POCO-1.4.7-ALL\FOUNDATION\OBJ\DEBUG_STATIC_MT\CHANNEL.OBJ
D:\GOPI\CONNECTALWAYS\MESSAGEINTERCEPTOR\POCO-1.4.7-ALL\POCO-1.4.7-ALL\FOUNDATION\OBJ\DEBUG_STATIC_MT\CHECKSUM.OBJ
D:\gopi\connectAlways\MessageInterceptor\poco-1.4.7-all\poco-1.4.7-all\Foundation\obj\debug_static_mt\cl.command.1.tlog
D:\gopi\connectAlways\MessageInterceptor\poco-1.4.7-all\poco-1.4.7-all\Foundation\obj\debug_static_mt\CL.read.1.tlog
D:\gopi\connectAlways\MessageInterceptor\poco-1.4.7-all\poco-1.4.7-all\Foundation\obj\debug_static_mt\CL.write.1.tlog
D:\GOPI\CONNECTALWAYS\MESSAGEINTERCEPTOR\POCO-1.4.7-ALL\POCO-1.4.7-ALL\FOUNDATION\OBJ\DEBUG_STATIC_MT\CLOCK.OBJ
D:\GOPI\CONNECTALWAYS\MESSAGEINTERCEPTOR\POCO-1.4.7-ALL\POCO-1.4.7-ALL\FOUNDATION\OBJ\DEBUG_STATIC_MT\COMPRESS.OBJ
D:\GOPI\CONNECTALWAYS\MESSAGEINTERCEPTOR\POCO-1.4.7-ALL\POCO-1.4.7-ALL\FOUNDATION\OBJ\DEBUG_STATIC_MT\CONDITION.OBJ
D:\GOPI\CONNECTALWAYS\MESSAGEINTERCEPTOR\POCO-1.4.7-ALL\POCO-1.4.7-ALL\FOUNDATION\OBJ\DEBUG_STATIC_MT\CONFIGURABLE.OBJ
D:\GOPI\CONNECTALWAYS\MESSAGEINTERCEPTOR\POCO-1.4.7-ALL\POCO-1.4.7-ALL\FOUNDATION\OBJ\DEBUG_STATIC_MT\CONSOLECHANNEL.OBJ
D:\GOPI\CONNECTALWAYS\MESSAGEINTERCEPTOR\POCO-1.4.7-ALL\POCO-1.4.7-ALL\FOUNDATION\OBJ\DEBUG_STATIC_MT\COUNTINGSTREAM.OBJ
D:\GOPI\CONNECTALWAYS\MESSAGEINTERCEPTOR\POCO-1.4.7-ALL\POCO-1.4.7-ALL\FOUNDATION\OBJ\DEBUG_STATIC_MT\CRC32.OBJ
D:\gopi\connectAlways\MessageInterceptor\poco-1.4.7-all\poco-1.4.7-all\Foundation\obj\debug_static_mt\custombuild.command.1.tlog
D:\gopi\connectAlways\MessageInterceptor\poco-1.4.7-all\poco-1.4.7-all\Foundation\obj\debug_static_mt\custombuild.read.1.tlog
D:\gopi\connectAlways\MessageInterceptor\poco-1.4.7-all\poco-1.4.7-all\Foundation\obj\debug_static_mt\custombuild.write.1.tlog
D:\GOPI\CONNECTALWAYS\MESSAGEINTERCEPTOR\POCO-1.4.7-ALL\POCO-1.4.7-ALL\FOUNDATION\OBJ\DEBUG_STATIC_MT\DATETIME.OBJ
D:\GOPI\CONNECTALWAYS\MESSAGEINTERCEPTOR\POCO-1.4.7-ALL\POCO-1.4.7-ALL\FOUNDATION\OBJ\DEBUG_STATIC_MT\DATETIMEFORMAT.OBJ
D:\GOPI\CONNECTALWAYS\MESSAGEINTERCEPTOR\POCO-1.4.7-ALL\POCO-1.4.7-ALL\FOUNDATION\OBJ\DEBUG_STATIC_MT\DATETIMEFORMATTER.OBJ
D:\GOPI\CONNECTALWAYS\MESSAGEINTERCEPTOR\POCO-1.4.7-ALL\POCO-1.4.7-ALL\FOUNDATION\OBJ\DEBUG_STATIC_MT\DATETIMEPARSER.OBJ
D:\GOPI\CONNECTALWAYS\MESSAGEINTERCEPTOR\POCO-1.4.7-ALL\POCO-1.4.7-ALL\FOUNDATION\OBJ\DEBUG_STATIC_MT\DEBUGGER.OBJ
D:\GOPI\CONNECTALWAYS\MESSAGEINTERCEPTOR\POCO-1.4.7-ALL\POCO-1.4.7-ALL\FOUNDATION\OBJ\DEBUG_STATIC_MT\DEFLATE.OBJ
D:\GOPI\CONNECTALWAYS\MESSAGEINTERCEPTOR\POCO-1.4.7-ALL\POCO-1.4.7-ALL\FOUNDATION\OBJ\DEBUG_STATIC_MT\DEFLATINGSTREAM.OBJ
D:\GOPI\CONNECTALWAYS\MESSAGEINTERCEPTOR\POCO-1.4.7-ALL\POCO-1.4.7-ALL\FOUNDATION\OBJ\DEBUG_STATIC_MT\DIGESTENGINE.OBJ
D:\GOPI\CONNECTALWAYS\MESSAGEINTERCEPTOR\POCO-1.4.7-ALL\POCO-1.4.7-ALL\FOUNDATION\OBJ\DEBUG_STATIC_MT\DIGESTSTREAM.OBJ
D:\GOPI\CONNECTALWAYS\MESSAGEINTERCEPTOR\POCO-1.4.7-ALL\POCO-1.4.7-ALL\FOUNDATION\OBJ\DEBUG_STATIC_MT\DIRECTORYITERATOR.OBJ
D:\GOPI\CONNECTALWAYS\MESSAGEINTERCEPTOR\POCO-1.4.7-ALL\POCO-1.4.7-ALL\FOUNDATION\OBJ\DEBUG_STATIC_MT\DIRECTORYWATCHER.OBJ
D:\GOPI\CONNECTALWAYS\MESSAGEINTERCEPTOR\POCO-1.4.7-ALL\POCO-1.4.7-ALL\FOUNDATION\OBJ\DEBUG_STATIC_MT\DYNAMICANY.OBJ
D:\GOPI\CONNECTALWAYS\MESSAGEINTERCEPTOR\POCO-1.4.7-ALL\POCO-1.4.7-ALL\FOUNDATION\OBJ\DEBUG_STATIC_MT\DYNAMICANYHOLDER.OBJ
D:\GOPI\CONNECTALWAYS\MESSAGEINTERCEPTOR\POCO-1.4.7-ALL\POCO-1.4.7-ALL\FOUNDATION\OBJ\DEBUG_STATIC_MT\ENVIRONMENT.OBJ
D:\GOPI\CONNECTALWAYS\MESSAGEINTERCEPTOR\POCO-1.4.7-ALL\POCO-1.4.7-ALL\FOUNDATION\OBJ\DEBUG_STATIC_MT\ERRORHANDLER.OBJ
D:\GOPI\CONNECTALWAYS\MESSAGEINTERCEPTOR\POCO-1.4.7-ALL\POCO-1.4.7-ALL\FOUNDATION\OBJ\DEBUG_STATIC_MT\EVENT.OBJ
D:\GOPI\CONNECTALWAYS\MESSAGEINTERCEPTOR\POCO-1.4.7-ALL\POCO-1.4.7-ALL\FOUNDATION\OBJ\DEBUG_STATIC_MT\EVENTARGS.OBJ
D:\GOPI\CONNECTALWAYS\MESSAGEINTERCEPTOR\POCO-1.4.7-ALL\POCO-1.4.7-ALL\FOUNDATION\OBJ\DEBUG_STATIC_MT\EVENTLOGCHANNEL.OBJ
D:\GOPI\CONNECTALWAYS\MESSAGEINTERCEPTOR\POCO-1.4.7-ALL\POCO-1.4.7-ALL\FOUNDATION\OBJ\DEBUG_STATIC_MT\EXCEPTION.OBJ
D:\GOPI\CONNECTALWAYS\MESSAGEINTERCEPTOR\POCO-1.4.7-ALL\POCO-1.4.7-ALL\FOUNDATION\OBJ\DEBUG_STATIC_MT\FILE.OBJ
D:\GOPI\CONNECTALWAYS\MESSAGEINTERCEPTOR\POCO-1.4.7-ALL\POCO-1.4.7-ALL\FOUNDATION\OBJ\DEBUG_STATIC_MT\FILECHANNEL.OBJ
D:\GOPI\CONNECTALWAYS\MESSAGEINTERCEPTOR\POCO-1.4.7-ALL\POCO-1.4.7-ALL\FOUNDATION\OBJ\DEBUG_STATIC_MT\FILESTREAM.OBJ
D:\GOPI\CONNECTALWAYS\MESSAGEINTERCEPTOR\POCO-1.4.7-ALL\POCO-1.4.7-ALL\FOUNDATION\OBJ\DEBUG_STATIC_MT\FILESTREAMFACTORY.OBJ
D:\GOPI\CONNECTALWAYS\MESSAGEINTERCEPTOR\POCO-1.4.7-ALL\POCO-1.4.7-ALL\FOUNDATION\OBJ\DEBUG_STATIC_MT\FORMAT.OBJ
D:\GOPI\CONNECTALWAYS\MESSAGEINTERCEPTOR\POCO-1.4.7-ALL\POCO-1.4.7-ALL\FOUNDATION\OBJ\DEBUG_STATIC_MT\FORMATTER.OBJ
D:\GOPI\CONNECTALWAYS\MESSAGEINTERCEPTOR\POCO-1.4.7-ALL\POCO-1.4.7-ALL\FOUNDATION\OBJ\DEBUG_STATIC_MT\FORMATTINGCHANNEL.OBJ
D:\GOPI\CONNECTALWAYS\MESSAGEINTERCEPTOR\POCO-1.4.7-ALL\POCO-1.4.7-ALL\FOUNDATION\OBJ\DEBUG_STATIC_MT\FPENVIRONMENT.OBJ
D:\GOPI\CONNECTALWAYS\MESSAGEINTERCEPTOR\POCO-1.4.7-ALL\POCO-1.4.7-ALL\FOUNDATION\OBJ\DEBUG_STATIC_MT\GLOB.OBJ
D:\GOPI\CONNECTALWAYS\MESSAGEINTERCEPTOR\POCO-1.4.7-ALL\POCO-1.4.7-ALL\FOUNDATION\OBJ\DEBUG_STATIC_MT\HASH.OBJ
D:\GOPI\CONNECTALWAYS\MESSAGEINTERCEPTOR\POCO-1.4.7-ALL\POCO-1.4.7-ALL\FOUNDATION\OBJ\DEBUG_STATIC_MT\HASHSTATISTIC.OBJ
D:\GOPI\CONNECTALWAYS\MESSAGEINTERCEPTOR\POCO-1.4.7-ALL\POCO-1.4.7-ALL\FOUNDATION\OBJ\DEBUG_STATIC_MT\HEXBINARYDECODER.OBJ
D:\GOPI\CONNECTALWAYS\MESSAGEINTERCEPTOR\POCO-1.4.7-ALL\POCO-1.4.7-ALL\FOUNDATION\OBJ\DEBUG_STATIC_MT\HEXBINARYENCODER.OBJ
D:\GOPI\CONNECTALWAYS\MESSAGEINTERCEPTOR\POCO-1.4.7-ALL\POCO-1.4.7-ALL\FOUNDATION\OBJ\DEBUG_STATIC_MT\INFBACK.OBJ
D:\GOPI\CONNECTALWAYS\MESSAGEINTERCEPTOR\POCO-1.4.7-ALL\POCO-1.4.7-ALL\FOUNDATION\OBJ\DEBUG_STATIC_MT\INFFAST.OBJ
D:\GOPI\CONNECTALWAYS\MESSAGEINTERCEPTOR\POCO-1.4.7-ALL\POCO-1.4.7-ALL\FOUNDATION\OBJ\DEBUG_STATIC_MT\INFLATE.OBJ
D:\GOPI\CONNECTALWAYS\MESSAGEINTERCEPTOR\POCO-1.4.7-ALL\POCO-1.4.7-ALL\FOUNDATION\OBJ\DEBUG_STATIC_MT\INFLATINGSTREAM.OBJ
D:\GOPI\CONNECTALWAYS\MESSAGEINTERCEPTOR\POCO-1.4.7-ALL\POCO-1.4.7-ALL\FOUNDATION\OBJ\DEBUG_STATIC_MT\INFTREES.OBJ
D:\GOPI\CONNECTALWAYS\MESSAGEINTERCEPTOR\POCO-1.4.7-ALL\POCO-1.4.7-ALL\FOUNDATION\OBJ\DEBUG_STATIC_MT\LATIN1ENCODING.OBJ
D:\GOPI\CONNECTALWAYS\MESSAGEINTERCEPTOR\POCO-1.4.7-ALL\POCO-1.4.7-ALL\FOUNDATION\OBJ\DEBUG_STATIC_MT\LATIN2ENCODING.OBJ
D:\GOPI\CONNECTALWAYS\MESSAGEINTERCEPTOR\POCO-1.4.7-ALL\POCO-1.4.7-ALL\FOUNDATION\OBJ\DEBUG_STATIC_MT\LATIN9ENCODING.OBJ
D:\gopi\connectAlways\MessageInterceptor\poco-1.4.7-all\poco-1.4.7-all\Foundation\obj\debug_static_mt\lib.command.1.tlog
D:\gopi\connectAlways\MessageInterceptor\poco-1.4.7-all\poco-1.4.7-all\Foundation\obj\debug_static_mt\Lib-link.read.1.tlog
D:\gopi\connectAlways\MessageInterceptor\poco-1.4.7-all\poco-1.4.7-all\Foundation\obj\debug_static_mt\Lib-link.write.1.tlog
D:\gopi\connectAlways\MessageInterceptor\poco-1.4.7-all\poco-1.4.7-all\Foundation\obj\debug_static_mt\Lib-link-cvtres.read.1.tlog
D:\gopi\connectAlways\MessageInterceptor\poco-1.4.7-all\poco-1.4.7-all\Foundation\obj\debug_static_mt\Lib-link-cvtres.write.1.tlog
D:\GOPI\CONNECTALWAYS\MESSAGEINTERCEPTOR\POCO-1.4.7-ALL\POCO-1.4.7-ALL\FOUNDATION\OBJ\DEBUG_STATIC_MT\LINEENDINGCONVERTER.OBJ
D:\GOPI\CONNECTALWAYS\MESSAGEINTERCEPTOR\POCO-1.4.7-ALL\POCO-1.4.7-ALL\FOUNDATION\OBJ\DEBUG_STATIC_MT\LOCALDATETIME.OBJ
D:\GOPI\CONNECTALWAYS\MESSAGEINTERCEPTOR\POCO-1.4.7-ALL\POCO-1.4.7-ALL\FOUNDATION\OBJ\DEBUG_STATIC_MT\LOGFILE.OBJ
D:\GOPI\CONNECTALWAYS\MESSAGEINTERCEPTOR\POCO-1.4.7-ALL\POCO-1.4.7-ALL\FOUNDATION\OBJ\DEBUG_STATIC_MT\LOGGER.OBJ
D:\GOPI\CONNECTALWAYS\MESSAGEINTERCEPTOR\POCO-1.4.7-ALL\POCO-1.4.7-ALL\FOUNDATION\OBJ\DEBUG_STATIC_MT\LOGGINGFACTORY.OBJ
D:\GOPI\CONNECTALWAYS\MESSAGEINTERCEPTOR\POCO-1.4.7-ALL\POCO-1.4.7-ALL\FOUNDATION\OBJ\DEBUG_STATIC_MT\LOGGINGREGISTRY.OBJ
D:\GOPI\CONNECTALWAYS\MESSAGEINTERCEPTOR\POCO-1.4.7-ALL\POCO-1.4.7-ALL\FOUNDATION\OBJ\DEBUG_STATIC_MT\LOGSTREAM.OBJ
D:\GOPI\CONNECTALWAYS\MESSAGEINTERCEPTOR\POCO-1.4.7-ALL\POCO-1.4.7-ALL\FOUNDATION\OBJ\DEBUG_STATIC_MT\MANIFEST.OBJ
D:\GOPI\CONNECTALWAYS\MESSAGEINTERCEPTOR\POCO-1.4.7-ALL\POCO-1.4.7-ALL\FOUNDATION\OBJ\DEBUG_STATIC_MT\MD4ENGINE.OBJ
D:\GOPI\CONNECTALWAYS\MESSAGEINTERCEPTOR\POCO-1.4.7-ALL\POCO-1.4.7-ALL\FOUNDATION\OBJ\DEBUG_STATIC_MT\MD5ENGINE.OBJ
D:\GOPI\CONNECTALWAYS\MESSAGEINTERCEPTOR\POCO-1.4.7-ALL\POCO-1.4.7-ALL\FOUNDATION\OBJ\DEBUG_STATIC_MT\MEMORYPOOL.OBJ
D:\GOPI\CONNECTALWAYS\MESSAGEINTERCEPTOR\POCO-1.4.7-ALL\POCO-1.4.7-ALL\FOUNDATION\OBJ\DEBUG_STATIC_MT\MEMORYSTREAM.OBJ
D:\GOPI\CONNECTALWAYS\MESSAGEINTERCEPTOR\POCO-1.4.7-ALL\POCO-1.4.7-ALL\FOUNDATION\OBJ\DEBUG_STATIC_MT\MESSAGE.OBJ
D:\GOPI\CONNECTALWAYS\MESSAGEINTERCEPTOR\POCO-1.4.7-ALL\POCO-1.4.7-ALL\FOUNDATION\OBJ\DEBUG_STATIC_MT\MUTEX.OBJ
D:\GOPI\CONNECTALWAYS\MESSAGEINTERCEPTOR\POCO-1.4.7-ALL\POCO-1.4.7-ALL\FOUNDATION\OBJ\DEBUG_STATIC_MT\NAMEDEVENT.OBJ
D:\GOPI\CONNECTALWAYS\MESSAGEINTERCEPTOR\POCO-1.4.7-ALL\POCO-1.4.7-ALL\FOUNDATION\OBJ\DEBUG_STATIC_MT\NAMEDMUTEX.OBJ
D:\GOPI\CONNECTALWAYS\MESSAGEINTERCEPTOR\POCO-1.4.7-ALL\POCO-1.4.7-ALL\FOUNDATION\OBJ\DEBUG_STATIC_MT\NESTEDDIAGNOSTICCONTEXT.OBJ
D:\GOPI\CONNECTALWAYS\MESSAGEINTERCEPTOR\POCO-1.4.7-ALL\POCO-1.4.7-ALL\FOUNDATION\OBJ\DEBUG_STATIC_MT\NOTIFICATION.OBJ
D:\GOPI\CONNECTALWAYS\MESSAGEINTERCEPTOR\POCO-1.4.7-ALL\POCO-1.4.7-ALL\FOUNDATION\OBJ\DEBUG_STATIC_MT\NOTIFICATIONCENTER.OBJ
D:\GOPI\CONNECTALWAYS\MESSAGEINTERCEPTOR\POCO-1.4.7-ALL\POCO-1.4.7-ALL\FOUNDATION\OBJ\DEBUG_STATIC_MT\NOTIFICATIONQUEUE.OBJ
D:\GOPI\CONNECTALWAYS\MESSAGEINTERCEPTOR\POCO-1.4.7-ALL\POCO-1.4.7-ALL\FOUNDATION\OBJ\DEBUG_STATIC_MT\NULLCHANNEL.OBJ
D:\GOPI\CONNECTALWAYS\MESSAGEINTERCEPTOR\POCO-1.4.7-ALL\POCO-1.4.7-ALL\FOUNDATION\OBJ\DEBUG_STATIC_MT\NULLSTREAM.OBJ
D:\GOPI\CONNECTALWAYS\MESSAGEINTERCEPTOR\POCO-1.4.7-ALL\POCO-1.4.7-ALL\FOUNDATION\OBJ\DEBUG_STATIC_MT\NUMBERFORMATTER.OBJ
D:\GOPI\CONNECTALWAYS\MESSAGEINTERCEPTOR\POCO-1.4.7-ALL\POCO-1.4.7-ALL\FOUNDATION\OBJ\DEBUG_STATIC_MT\NUMBERPARSER.OBJ
D:\GOPI\CONNECTALWAYS\MESSAGEINTERCEPTOR\POCO-1.4.7-ALL\POCO-1.4.7-ALL\FOUNDATION\OBJ\DEBUG_STATIC_MT\PATH.OBJ
D:\GOPI\CONNECTALWAYS\MESSAGEINTERCEPTOR\POCO-1.4.7-ALL\POCO-1.4.7-ALL\FOUNDATION\OBJ\DEBUG_STATIC_MT\PATTERNFORMATTER.OBJ
D:\GOPI\CONNECTALWAYS\MESSAGEINTERCEPTOR\POCO-1.4.7-ALL\POCO-1.4.7-ALL\FOUNDATION\OBJ\DEBUG_STATIC_MT\PCRE_CHARTABLES.OBJ
D:\GOPI\CONNECTALWAYS\MESSAGEINTERCEPTOR\POCO-1.4.7-ALL\POCO-1.4.7-ALL\FOUNDATION\OBJ\DEBUG_STATIC_MT\PCRE_COMPILE.OBJ
D:\GOPI\CONNECTALWAYS\MESSAGEINTERCEPTOR\POCO-1.4.7-ALL\POCO-1.4.7-ALL\FOUNDATION\OBJ\DEBUG_STATIC_MT\PCRE_EXEC.OBJ
D:\GOPI\CONNECTALWAYS\MESSAGEINTERCEPTOR\POCO-1.4.7-ALL\POCO-1.4.7-ALL\FOUNDATION\OBJ\DEBUG_STATIC_MT\PCRE_FULLINFO.OBJ
D:\GOPI\CONNECTALWAYS\MESSAGEINTERCEPTOR\POCO-1.4.7-ALL\POCO-1.4.7-ALL\FOUNDATION\OBJ\DEBUG_STATIC_MT\PCRE_GLOBALS.OBJ
D:\GOPI\CONNECTALWAYS\MESSAGEINTERCEPTOR\POCO-1.4.7-ALL\POCO-1.4.7-ALL\FOUNDATION\OBJ\DEBUG_STATIC_MT\PCRE_MAKETABLES.OBJ
D:\GOPI\CONNECTALWAYS\MESSAGEINTERCEPTOR\POCO-1.4.7-ALL\POCO-1.4.7-ALL\FOUNDATION\OBJ\DEBUG_STATIC_MT\PCRE_NEWLINE.OBJ
D:\GOPI\CONNECTALWAYS\MESSAGEINTERCEPTOR\POCO-1.4.7-ALL\POCO-1.4.7-ALL\FOUNDATION\OBJ\DEBUG_STATIC_MT\PCRE_ORD2UTF8.OBJ
D:\GOPI\CONNECTALWAYS\MESSAGEINTERCEPTOR\POCO-1.4.7-ALL\POCO-1.4.7-ALL\FOUNDATION\OBJ\DEBUG_STATIC_MT\PCRE_STUDY.OBJ
D:\GOPI\CONNECTALWAYS\MESSAGEINTERCEPTOR\POCO-1.4.7-ALL\POCO-1.4.7-ALL\FOUNDATION\OBJ\DEBUG_STATIC_MT\PCRE_TABLES.OBJ
D:\GOPI\CONNECTALWAYS\MESSAGEINTERCEPTOR\POCO-1.4.7-ALL\POCO-1.4.7-ALL\FOUNDATION\OBJ\DEBUG_STATIC_MT\PCRE_TRY_FLIPPED.OBJ
D:\GOPI\CONNECTALWAYS\MESSAGEINTERCEPTOR\POCO-1.4.7-ALL\POCO-1.4.7-ALL\FOUNDATION\OBJ\DEBUG_STATIC_MT\PCRE_UCD.OBJ
D:\GOPI\CONNECTALWAYS\MESSAGEINTERCEPTOR\POCO-1.4.7-ALL\POCO-1.4.7-ALL\FOUNDATION\OBJ\DEBUG_STATIC_MT\PCRE_VALID_UTF8.OBJ
D:\GOPI\CONNECTALWAYS\MESSAGEINTERCEPTOR\POCO-1.4.7-ALL\POCO-1.4.7-ALL\FOUNDATION\OBJ\DEBUG_STATIC_MT\PCRE_XCLASS.OBJ
D:\GOPI\CONNECTALWAYS\MESSAGEINTERCEPTOR\POCO-1.4.7-ALL\POCO-1.4.7-ALL\FOUNDATION\OBJ\DEBUG_STATIC_MT\PIPE.OBJ
D:\GOPI\CONNECTALWAYS\MESSAGEINTERCEPTOR\POCO-1.4.7-ALL\POCO-1.4.7-ALL\FOUNDATION\OBJ\DEBUG_STATIC_MT\PIPEIMPL.OBJ
D:\GOPI\CONNECTALWAYS\MESSAGEINTERCEPTOR\POCO-1.4.7-ALL\POCO-1.4.7-ALL\FOUNDATION\OBJ\DEBUG_STATIC_MT\PIPESTREAM.OBJ
D:\GOPI\CONNECTALWAYS\MESSAGEINTERCEPTOR\POCO-1.4.7-ALL\POCO-1.4.7-ALL\FOUNDATION\OBJ\DEBUG_STATIC_MT\POCOMSG.RES
D:\GOPI\CONNECTALWAYS\MESSAGEINTERCEPTOR\POCO-1.4.7-ALL\POCO-1.4.7-ALL\FOUNDATION\OBJ\DEBUG_STATIC_MT\PRIORITYNOTIFICATIONQUEUE.OBJ
D:\GOPI\CONNECTALWAYS\MESSAGEINTERCEPTOR\POCO-1.4.7-ALL\POCO-1.4.7-ALL\FOUNDATION\OBJ\DEBUG_STATIC_MT\PROCESS.OBJ
D:\GOPI\CONNECTALWAYS\MESSAGEINTERCEPTOR\POCO-1.4.7-ALL\POCO-1.4.7-ALL\FOUNDATION\OBJ\DEBUG_STATIC_MT\PURGESTRATEGY.OBJ
D:\GOPI\CONNECTALWAYS\MESSAGEINTERCEPTOR\POCO-1.4.7-ALL\POCO-1.4.7-ALL\FOUNDATION\OBJ\DEBUG_STATIC_MT\RANDOM.OBJ
D:\GOPI\CONNECTALWAYS\MESSAGEINTERCEPTOR\POCO-1.4.7-ALL\POCO-1.4.7-ALL\FOUNDATION\OBJ\DEBUG_STATIC_MT\RANDOMSTREAM.OBJ
D:\gopi\connectAlways\MessageInterceptor\poco-1.4.7-all\poco-1.4.7-all\Foundation\obj\debug_static_mt\rc.command.1.tlog
D:\gopi\connectAlways\MessageInterceptor\poco-1.4.7-all\poco-1.4.7-all\Foundation\obj\debug_static_mt\rc.read.1.tlog
D:\gopi\connectAlways\MessageInterceptor\poco-1.4.7-all\poco-1.4.7-all\Foundation\obj\debug_static_mt\rc.write.1.tlog
D:\GOPI\CONNECTALWAYS\MESSAGEINTERCEPTOR\POCO-1.4.7-ALL\POCO-1.4.7-ALL\FOUNDATION\OBJ\DEBUG_STATIC_MT\REFCOUNTEDOBJECT.OBJ
D:\GOPI\CONNECTALWAYS\MESSAGEINTERCEPTOR\POCO-1.4.7-ALL\POCO-1.4.7-ALL\FOUNDATION\OBJ\DEBUG_STATIC_MT\REGULAREXPRESSION.OBJ
D:\GOPI\CONNECTALWAYS\MESSAGEINTERCEPTOR\POCO-1.4.7-ALL\POCO-1.4.7-ALL\FOUNDATION\OBJ\DEBUG_STATIC_MT\ROTATESTRATEGY.OBJ
D:\GOPI\CONNECTALWAYS\MESSAGEINTERCEPTOR\POCO-1.4.7-ALL\POCO-1.4.7-ALL\FOUNDATION\OBJ\DEBUG_STATIC_MT\RUNNABLE.OBJ
D:\GOPI\CONNECTALWAYS\MESSAGEINTERCEPTOR\POCO-1.4.7-ALL\POCO-1.4.7-ALL\FOUNDATION\OBJ\DEBUG_STATIC_MT\RWLOCK.OBJ
D:\GOPI\CONNECTALWAYS\MESSAGEINTERCEPTOR\POCO-1.4.7-ALL\POCO-1.4.7-ALL\FOUNDATION\OBJ\DEBUG_STATIC_MT\SEMAPHORE.OBJ
D:\GOPI\CONNECTALWAYS\MESSAGEINTERCEPTOR\POCO-1.4.7-ALL\POCO-1.4.7-ALL\FOUNDATION\OBJ\DEBUG_STATIC_MT\SHA1ENGINE.OBJ
D:\GOPI\CONNECTALWAYS\MESSAGEINTERCEPTOR\POCO-1.4.7-ALL\POCO-1.4.7-ALL\FOUNDATION\OBJ\DEBUG_STATIC_MT\SHAREDLIBRARY.OBJ
D:\GOPI\CONNECTALWAYS\MESSAGEINTERCEPTOR\POCO-1.4.7-ALL\POCO-1.4.7-ALL\FOUNDATION\OBJ\DEBUG_STATIC_MT\SHAREDMEMORY.OBJ
D:\GOPI\CONNECTALWAYS\MESSAGEINTERCEPTOR\POCO-1.4.7-ALL\POCO-1.4.7-ALL\FOUNDATION\OBJ\DEBUG_STATIC_MT\SIGNALHANDLER.OBJ
D:\GOPI\CONNECTALWAYS\MESSAGEINTERCEPTOR\POCO-1.4.7-ALL\POCO-1.4.7-ALL\FOUNDATION\OBJ\DEBUG_STATIC_MT\SIMPLEFILECHANNEL.OBJ
D:\GOPI\CONNECTALWAYS\MESSAGEINTERCEPTOR\POCO-1.4.7-ALL\POCO-1.4.7-ALL\FOUNDATION\OBJ\DEBUG_STATIC_MT\SPLITTERCHANNEL.OBJ
D:\GOPI\CONNECTALWAYS\MESSAGEINTERCEPTOR\POCO-1.4.7-ALL\POCO-1.4.7-ALL\FOUNDATION\OBJ\DEBUG_STATIC_MT\STOPWATCH.OBJ
D:\GOPI\CONNECTALWAYS\MESSAGEINTERCEPTOR\POCO-1.4.7-ALL\POCO-1.4.7-ALL\FOUNDATION\OBJ\DEBUG_STATIC_MT\STREAMCHANNEL.OBJ
D:\GOPI\CONNECTALWAYS\MESSAGEINTERCEPTOR\POCO-1.4.7-ALL\POCO-1.4.7-ALL\FOUNDATION\OBJ\DEBUG_STATIC_MT\STREAMCONVERTER.OBJ
D:\GOPI\CONNECTALWAYS\MESSAGEINTERCEPTOR\POCO-1.4.7-ALL\POCO-1.4.7-ALL\FOUNDATION\OBJ\DEBUG_STATIC_MT\STREAMCOPIER.OBJ
D:\GOPI\CONNECTALWAYS\MESSAGEINTERCEPTOR\POCO-1.4.7-ALL\POCO-1.4.7-ALL\FOUNDATION\OBJ\DEBUG_STATIC_MT\STREAMTOKENIZER.OBJ
D:\GOPI\CONNECTALWAYS\MESSAGEINTERCEPTOR\POCO-1.4.7-ALL\POCO-1.4.7-ALL\FOUNDATION\OBJ\DEBUG_STATIC_MT\STRING.OBJ
D:\GOPI\CONNECTALWAYS\MESSAGEINTERCEPTOR\POCO-1.4.7-ALL\POCO-1.4.7-ALL\FOUNDATION\OBJ\DEBUG_STATIC_MT\STRINGTOKENIZER.OBJ
D:\GOPI\CONNECTALWAYS\MESSAGEINTERCEPTOR\POCO-1.4.7-ALL\POCO-1.4.7-ALL\FOUNDATION\OBJ\DEBUG_STATIC_MT\SYNCHRONIZEDOBJECT.OBJ
D:\GOPI\CONNECTALWAYS\MESSAGEINTERCEPTOR\POCO-1.4.7-ALL\POCO-1.4.7-ALL\FOUNDATION\OBJ\DEBUG_STATIC_MT\TASK.OBJ
D:\GOPI\CONNECTALWAYS\MESSAGEINTERCEPTOR\POCO-1.4.7-ALL\POCO-1.4.7-ALL\FOUNDATION\OBJ\DEBUG_STATIC_MT\TASKMANAGER.OBJ
D:\GOPI\CONNECTALWAYS\MESSAGEINTERCEPTOR\POCO-1.4.7-ALL\POCO-1.4.7-ALL\FOUNDATION\OBJ\DEBUG_STATIC_MT\TASKNOTIFICATION.OBJ
D:\GOPI\CONNECTALWAYS\MESSAGEINTERCEPTOR\POCO-1.4.7-ALL\POCO-1.4.7-ALL\FOUNDATION\OBJ\DEBUG_STATIC_MT\TEESTREAM.OBJ
D:\GOPI\CONNECTALWAYS\MESSAGEINTERCEPTOR\POCO-1.4.7-ALL\POCO-1.4.7-ALL\FOUNDATION\OBJ\DEBUG_STATIC_MT\TEMPORARYFILE.OBJ
D:\GOPI\CONNECTALWAYS\MESSAGEINTERCEPTOR\POCO-1.4.7-ALL\POCO-1.4.7-ALL\FOUNDATION\OBJ\DEBUG_STATIC_MT\TEXTBUFFERITERATOR.OBJ
D:\GOPI\CONNECTALWAYS\MESSAGEINTERCEPTOR\POCO-1.4.7-ALL\POCO-1.4.7-ALL\FOUNDATION\OBJ\DEBUG_STATIC_MT\TEXTCONVERTER.OBJ
D:\GOPI\CONNECTALWAYS\MESSAGEINTERCEPTOR\POCO-1.4.7-ALL\POCO-1.4.7-ALL\FOUNDATION\OBJ\DEBUG_STATIC_MT\TEXTENCODING.OBJ
D:\GOPI\CONNECTALWAYS\MESSAGEINTERCEPTOR\POCO-1.4.7-ALL\POCO-1.4.7-ALL\FOUNDATION\OBJ\DEBUG_STATIC_MT\TEXTITERATOR.OBJ
D:\GOPI\CONNECTALWAYS\MESSAGEINTERCEPTOR\POCO-1.4.7-ALL\POCO-1.4.7-ALL\FOUNDATION\OBJ\DEBUG_STATIC_MT\THREAD.OBJ
D:\GOPI\CONNECTALWAYS\MESSAGEINTERCEPTOR\POCO-1.4.7-ALL\POCO-1.4.7-ALL\FOUNDATION\OBJ\DEBUG_STATIC_MT\THREADLOCAL.OBJ
D:\GOPI\CONNECTALWAYS\MESSAGEINTERCEPTOR\POCO-1.4.7-ALL\POCO-1.4.7-ALL\FOUNDATION\OBJ\DEBUG_STATIC_MT\THREADPOOL.OBJ
D:\GOPI\CONNECTALWAYS\MESSAGEINTERCEPTOR\POCO-1.4.7-ALL\POCO-1.4.7-ALL\FOUNDATION\OBJ\DEBUG_STATIC_MT\THREADTARGET.OBJ
D:\GOPI\CONNECTALWAYS\MESSAGEINTERCEPTOR\POCO-1.4.7-ALL\POCO-1.4.7-ALL\FOUNDATION\OBJ\DEBUG_STATIC_MT\TIMEDNOTIFICATIONQUEUE.OBJ
D:\GOPI\CONNECTALWAYS\MESSAGEINTERCEPTOR\POCO-1.4.7-ALL\POCO-1.4.7-ALL\FOUNDATION\OBJ\DEBUG_STATIC_MT\TIMER.OBJ
D:\GOPI\CONNECTALWAYS\MESSAGEINTERCEPTOR\POCO-1.4.7-ALL\POCO-1.4.7-ALL\FOUNDATION\OBJ\DEBUG_STATIC_MT\TIMESPAN.OBJ
D:\GOPI\CONNECTALWAYS\MESSAGEINTERCEPTOR\POCO-1.4.7-ALL\POCO-1.4.7-ALL\FOUNDATION\OBJ\DEBUG_STATIC_MT\TIMESTAMP.OBJ
D:\GOPI\CONNECTALWAYS\MESSAGEINTERCEPTOR\POCO-1.4.7-ALL\POCO-1.4.7-ALL\FOUNDATION\OBJ\DEBUG_STATIC_MT\TIMEZONE.OBJ
D:\GOPI\CONNECTALWAYS\MESSAGEINTERCEPTOR\POCO-1.4.7-ALL\POCO-1.4.7-ALL\FOUNDATION\OBJ\DEBUG_STATIC_MT\TOKEN.OBJ
D:\GOPI\CONNECTALWAYS\MESSAGEINTERCEPTOR\POCO-1.4.7-ALL\POCO-1.4.7-ALL\FOUNDATION\OBJ\DEBUG_STATIC_MT\TREES.OBJ
D:\GOPI\CONNECTALWAYS\MESSAGEINTERCEPTOR\POCO-1.4.7-ALL\POCO-1.4.7-ALL\FOUNDATION\OBJ\DEBUG_STATIC_MT\UNICODE.OBJ
D:\GOPI\CONNECTALWAYS\MESSAGEINTERCEPTOR\POCO-1.4.7-ALL\POCO-1.4.7-ALL\FOUNDATION\OBJ\DEBUG_STATIC_MT\UNICODECONVERTER.OBJ
D:\GOPI\CONNECTALWAYS\MESSAGEINTERCEPTOR\POCO-1.4.7-ALL\POCO-1.4.7-ALL\FOUNDATION\OBJ\DEBUG_STATIC_MT\URI.OBJ
D:\GOPI\CONNECTALWAYS\MESSAGEINTERCEPTOR\POCO-1.4.7-ALL\POCO-1.4.7-ALL\FOUNDATION\OBJ\DEBUG_STATIC_MT\URISTREAMFACTORY.OBJ
D:\GOPI\CONNECTALWAYS\MESSAGEINTERCEPTOR\POCO-1.4.7-ALL\POCO-1.4.7-ALL\FOUNDATION\OBJ\DEBUG_STATIC_MT\URISTREAMOPENER.OBJ
D:\GOPI\CONNECTALWAYS\MESSAGEINTERCEPTOR\POCO-1.4.7-ALL\POCO-1.4.7-ALL\FOUNDATION\OBJ\DEBUG_STATIC_MT\UTF16ENCODING.OBJ
D:\GOPI\CONNECTALWAYS\MESSAGEINTERCEPTOR\POCO-1.4.7-ALL\POCO-1.4.7-ALL\FOUNDATION\OBJ\DEBUG_STATIC_MT\UTF8ENCODING.OBJ
D:\GOPI\CONNECTALWAYS\MESSAGEINTERCEPTOR\POCO-1.4.7-ALL\POCO-1.4.7-ALL\FOUNDATION\OBJ\DEBUG_STATIC_MT\UTF8STRING.OBJ
D:\GOPI\CONNECTALWAYS\MESSAGEINTERCEPTOR\POCO-1.4.7-ALL\POCO-1.4.7-ALL\FOUNDATION\OBJ\DEBUG_STATIC_MT\UUID.OBJ
D:\GOPI\CONNECTALWAYS\MESSAGEINTERCEPTOR\POCO-1.4.7-ALL\POCO-1.4.7-ALL\FOUNDATION\OBJ\DEBUG_STATIC_MT\UUIDGENERATOR.OBJ
D:\GOPI\CONNECTALWAYS\MESSAGEINTERCEPTOR\POCO-1.4.7-ALL\POCO-1.4.7-ALL\FOUNDATION\OBJ\DEBUG_STATIC_MT\VOID.OBJ
D:\GOPI\CONNECTALWAYS\MESSAGEINTERCEPTOR\POCO-1.4.7-ALL\POCO-1.4.7-ALL\FOUNDATION\OBJ\DEBUG_STATIC_MT\WINDOWS1250ENCODING.OBJ
D:\GOPI\CONNECTALWAYS\MESSAGEINTERCEPTOR\POCO-1.4.7-ALL\POCO-1.4.7-ALL\FOUNDATION\OBJ\DEBUG_STATIC_MT\WINDOWS1251ENCODING.OBJ
D:\GOPI\CONNECTALWAYS\MESSAGEINTERCEPTOR\POCO-1.4.7-ALL\POCO-1.4.7-ALL\FOUNDATION\OBJ\DEBUG_STATIC_MT\WINDOWS1252ENCODING.OBJ
D:\GOPI\CONNECTALWAYS\MESSAGEINTERCEPTOR\POCO-1.4.7-ALL\POCO-1.4.7-ALL\FOUNDATION\OBJ\DEBUG_STATIC_MT\WINDOWSCONSOLECHANNEL.OBJ
D:\GOPI\CONNECTALWAYS\MESSAGEINTERCEPTOR\POCO-1.4.7-ALL\POCO-1.4.7-ALL\FOUNDATION\OBJ\DEBUG_STATIC_MT\ZUTIL.OBJ
D:\GOPI\CONNECTALWAYS\MESSAGEINTERCEPTOR\POCO-1.4.7-ALL\POCO-1.4.7-ALL\FOUNDATION\SRC\POCOMSG.H
D:\GOPI\CONNECTALWAYS\MESSAGEINTERCEPTOR\POCO-1.4.7-ALL\POCO-1.4.7-ALL\FOUNDATION\SRC\POCOMSG.RC
D:\GOPI\CONNECTALWAYS\MESSAGEINTERCEPTOR\POCO-1.4.7-ALL\POCO-1.4.7-ALL\LIB\POCOFOUNDATIONMTD.LIB
D:\GOPI\CONNECTALWAYS\MESSAGEINTERCEPTOR\POCO-1.4.7-ALL\POCO-1.4.7-ALL\LIB\POCOFOUNDATIONMTD.PDB
