Build started 12/13/2014 10:31:34 PM.
     1>Project "D:\gopi\connectAlways\MessageInterceptor\poco-1.4.7-all\poco-1.4.7-all\Foundation\Foundation_vs90.vcxproj" on node 2 (build target(s)).
     1>InitializeBuildStatus:
         Creating "obj\debug_static_mt\Foundation.unsuccessfulbuild" because "AlwaysCreate" was specified.
       CustomBuild:
         All outputs are up-to-date.
       ClCompile:
         C:\Program Files (x86)\Microsoft Visual Studio 10.0\VC\bin\CL.exe /c /I.\include /ZI /nologo /W3 /WX- /Od /Oy- /D WIN32 /D _DEBUG /D _WINDOWS /D Foundation_EXPORTS /D POCO_STATIC /D PCRE_STATIC /D _VC80_UPGRADE=0x0710 /D _MBCS /GF /Gm /EHsc /RTC1 /MTd /GS /fp:precise /Zc:wchar_t /Zc:forScope /GR /Fo"obj\debug_static_mt\\" /Fd"..\lib\PocoFoundationmtd.pdb" /Gd /TP /analyze- /errorReport:prompt src\EventLogChannel.cpp
         EventLogChannel.cpp
         All outputs are up-to-date.
       ResourceCompile:
         C:\Program Files (x86)\Microsoft SDKs\Windows\v7.0A\bin\rc.exe /D _VC80_UPGRADE=0x0710 /l"0x0409" /nologo /fo"obj\debug_static_mt\pocomsg.res" src\pocomsg.rc 
     1>C:\Program Files (x86)\MSBuild\Microsoft.Cpp\v4.0\Microsoft.CppBuild.targets(1151,5): warning MSB8012: TargetPath(D:\gopi\connectAlways\MessageInterceptor\poco-1.4.7-all\poco-1.4.7-all\Foundation\obj\debug_static_mt\Foundation.lib) does not match the Library's OutputFile property value (D:\gopi\connectAlways\MessageInterceptor\poco-1.4.7-all\poco-1.4.7-all\lib\PocoFoundationmtd.lib). This may cause your project to build incorrectly. To correct this, please make sure that $(OutDir), $(TargetName) and $(TargetExt) property values match the value specified in %(Lib.OutputFile).
     1>C:\Program Files (x86)\MSBuild\Microsoft.Cpp\v4.0\Microsoft.CppBuild.targets(1153,5): warning MSB8012: TargetName(Foundation) does not match the Library's OutputFile property value (PocoFoundationmtd). This may cause your project to build incorrectly. To correct this, please make sure that $(OutDir), $(TargetName) and $(TargetExt) property values match the value specified in %(Lib.OutputFile).
       Lib:
         C:\Program Files (x86)\Microsoft Visual Studio 10.0\VC\bin\Lib.exe /OUT:"..\lib\PocoFoundationmtd.lib" ws2_32.lib iphlpapi.lib /NOLOGO obj\debug_static_mt\pocomsg.res
         obj\debug_static_mt\Ascii.obj
         obj\debug_static_mt\AtomicCounter.obj
         obj\debug_static_mt\Bugcheck.obj
         obj\debug_static_mt\ByteOrder.obj
         obj\debug_static_mt\Checksum.obj
         obj\debug_static_mt\Debugger.obj
         obj\debug_static_mt\DynamicAny.obj
         obj\debug_static_mt\DynamicAnyHolder.obj
         obj\debug_static_mt\Environment.obj
         obj\debug_static_mt\Exception.obj
         obj\debug_static_mt\Format.obj
         obj\debug_static_mt\FPEnvironment.obj
         obj\debug_static_mt\MemoryPool.obj
         obj\debug_static_mt\NestedDiagnosticContext.obj
         obj\debug_static_mt\NumberFormatter.obj
         obj\debug_static_mt\NumberParser.obj
         obj\debug_static_mt\RefCountedObject.obj
         obj\debug_static_mt\String.obj
         obj\debug_static_mt\StringTokenizer.obj
         obj\debug_static_mt\Void.obj
         obj\debug_static_mt\Base64Decoder.obj
         obj\debug_static_mt\Base64Encoder.obj
         obj\debug_static_mt\BinaryReader.obj
         obj\debug_static_mt\BinaryWriter.obj
         obj\debug_static_mt\CountingStream.obj
         obj\debug_static_mt\DeflatingStream.obj
         obj\debug_static_mt\FileStream.obj
         obj\debug_static_mt\HexBinaryDecoder.obj
         obj\debug_static_mt\HexBinaryEncoder.obj
         obj\debug_static_mt\InflatingStream.obj
         obj\debug_static_mt\LineEndingConverter.obj
         obj\debug_static_mt\MemoryStream.obj
         obj\debug_static_mt\NullStream.obj
         obj\debug_static_mt\StreamCopier.obj
         obj\debug_static_mt\StreamTokenizer.obj
         obj\debug_static_mt\TeeStream.obj
         obj\debug_static_mt\Token.obj
         obj\debug_static_mt\adler32.obj
         obj\debug_static_mt\compress.obj
         obj\debug_static_mt\crc32.obj
         obj\debug_static_mt\deflate.obj
         obj\debug_static_mt\infback.obj
         obj\debug_static_mt\inffast.obj
         obj\debug_static_mt\inflate.obj
         obj\debug_static_mt\inftrees.obj
         obj\debug_static_mt\trees.obj
         obj\debug_static_mt\zutil.obj
         obj\debug_static_mt\ActiveDispatcher.obj
         obj\debug_static_mt\Condition.obj
         obj\debug_static_mt\ErrorHandler.obj
         obj\debug_static_mt\Event.obj
         obj\debug_static_mt\Mutex.obj
         obj\debug_static_mt\Runnable.obj
         obj\debug_static_mt\RWLock.obj
         obj\debug_static_mt\Semaphore.obj
         obj\debug_static_mt\SignalHandler.obj
         obj\debug_static_mt\SynchronizedObject.obj
         obj\debug_static_mt\Thread.obj
         obj\debug_static_mt\ThreadLocal.obj
         obj\debug_static_mt\ThreadPool.obj
         obj\debug_static_mt\ThreadTarget.obj
         obj\debug_static_mt\Timer.obj
         obj\debug_static_mt\DigestEngine.obj
         obj\debug_static_mt\DigestStream.obj
         obj\debug_static_mt\MD4Engine.obj
         obj\debug_static_mt\MD5Engine.obj
         obj\debug_static_mt\Random.obj
         obj\debug_static_mt\RandomStream.obj
         obj\debug_static_mt\SHA1Engine.obj
         obj\debug_static_mt\Manifest.obj
         obj\debug_static_mt\SharedLibrary.obj
         obj\debug_static_mt\RegularExpression.obj
         obj\debug_static_mt\pcre_chartables.obj
         obj\debug_static_mt\pcre_compile.obj
         obj\debug_static_mt\pcre_exec.obj
         obj\debug_static_mt\pcre_fullinfo.obj
         obj\debug_static_mt\pcre_globals.obj
         obj\debug_static_mt\pcre_maketables.obj
         obj\debug_static_mt\pcre_newline.obj
         obj\debug_static_mt\pcre_ord2utf8.obj
         obj\debug_static_mt\pcre_study.obj
         obj\debug_static_mt\pcre_tables.obj
         obj\debug_static_mt\pcre_try_flipped.obj
         obj\debug_static_mt\pcre_ucd.obj
         obj\debug_static_mt\pcre_valid_utf8.obj
         obj\debug_static_mt\pcre_xclass.obj
         obj\debug_static_mt\ArchiveStrategy.obj
         obj\debug_static_mt\AsyncChannel.obj
         obj\debug_static_mt\Channel.obj
         obj\debug_static_mt\Configurable.obj
         obj\debug_static_mt\ConsoleChannel.obj
         obj\debug_static_mt\EventLogChannel.obj
         obj\debug_static_mt\FileChannel.obj
         obj\debug_static_mt\Formatter.obj
         obj\debug_static_mt\FormattingChannel.obj
         obj\debug_static_mt\LogFile.obj
         obj\debug_static_mt\Logger.obj
         obj\debug_static_mt\LoggingFactory.obj
         obj\debug_static_mt\LoggingRegistry.obj
         obj\debug_static_mt\LogStream.obj
         obj\debug_static_mt\Message.obj
         obj\debug_static_mt\NullChannel.obj
         obj\debug_static_mt\PatternFormatter.obj
         obj\debug_static_mt\PurgeStrategy.obj
         obj\debug_static_mt\RotateStrategy.obj
         obj\debug_static_mt\SimpleFileChannel.obj
         obj\debug_static_mt\SplitterChannel.obj
         obj\debug_static_mt\StreamChannel.obj
         obj\debug_static_mt\WindowsConsoleChannel.obj
         obj\debug_static_mt\AbstractObserver.obj
         obj\debug_static_mt\Notification.obj
         obj\debug_static_mt\NotificationCenter.obj
         obj\debug_static_mt\NotificationQueue.obj
         obj\debug_static_mt\PriorityNotificationQueue.obj
         obj\debug_static_mt\TimedNotificationQueue.obj
         obj\debug_static_mt\DirectoryIterator.obj
         obj\debug_static_mt\DirectoryWatcher.obj
         obj\debug_static_mt\File.obj
         obj\debug_static_mt\Glob.obj
         obj\debug_static_mt\Path.obj
         obj\debug_static_mt\TemporaryFile.obj
         obj\debug_static_mt\NamedEvent.obj
         obj\debug_static_mt\NamedMutex.obj
         obj\debug_static_mt\Pipe.obj
         obj\debug_static_mt\PipeImpl.obj
         obj\debug_static_mt\PipeStream.obj
         obj\debug_static_mt\Process.obj
         obj\debug_static_mt\SharedMemory.obj
         obj\debug_static_mt\UUID.obj
         obj\debug_static_mt\UUIDGenerator.obj
         obj\debug_static_mt\Clock.obj
         obj\debug_static_mt\DateTime.obj
         obj\debug_static_mt\DateTimeFormat.obj
         obj\debug_static_mt\DateTimeFormatter.obj
         obj\debug_static_mt\DateTimeParser.obj
         obj\debug_static_mt\LocalDateTime.obj
         obj\debug_static_mt\Stopwatch.obj
         obj\debug_static_mt\Timespan.obj
         obj\debug_static_mt\Timestamp.obj
         obj\debug_static_mt\Timezone.obj
         obj\debug_static_mt\ASCIIEncoding.obj
         obj\debug_static_mt\Latin1Encoding.obj
         obj\debug_static_mt\Latin2Encoding.obj
         obj\debug_static_mt\Latin9Encoding.obj
         obj\debug_static_mt\StreamConverter.obj
         obj\debug_static_mt\TextBufferIterator.obj
         obj\debug_static_mt\TextConverter.obj
         obj\debug_static_mt\TextEncoding.obj
         obj\debug_static_mt\TextIterator.obj
         obj\debug_static_mt\Unicode.obj
         obj\debug_static_mt\UnicodeConverter.obj
         obj\debug_static_mt\UTF16Encoding.obj
         obj\debug_static_mt\UTF8Encoding.obj
         obj\debug_static_mt\UTF8String.obj
         obj\debug_static_mt\Windows1250Encoding.obj
         obj\debug_static_mt\Windows1251Encoding.obj
         obj\debug_static_mt\Windows1252Encoding.obj
         obj\debug_static_mt\FileStreamFactory.obj
         obj\debug_static_mt\URI.obj
         obj\debug_static_mt\URIStreamFactory.obj
         obj\debug_static_mt\URIStreamOpener.obj
         obj\debug_static_mt\Task.obj
         obj\debug_static_mt\TaskManager.obj
         obj\debug_static_mt\TaskNotification.obj
         obj\debug_static_mt\EventArgs.obj
         obj\debug_static_mt\Hash.obj
         obj\debug_static_mt\HashStatistic.obj
     1>LINK : warning LNK4068: /MACHINE not specified; defaulting to X86
     1>iphlpapi.lib(IPHLPAPI.DLL) : warning LNK4006: __NULL_IMPORT_DESCRIPTOR already defined in ws2_32.lib(WS2_32.dll); second definition ignored
     1>iphlpapi.lib(IPHLPAPI.DLL) : warning LNK4221: This object file does not define any previously undefined public symbols, so it will not be used by any link operation that consumes this library
     1>SignalHandler.obj : warning LNK4221: This object file does not define any previously undefined public symbols, so it will not be used by any link operation that consumes this library
     1>String.obj : warning LNK4221: This object file does not define any previously undefined public symbols, so it will not be used by any link operation that consumes this library
     1>ByteOrder.obj : warning LNK4221: This object file does not define any previously undefined public symbols, so it will not be used by any link operation that consumes this library
         Foundation_vs90.vcxproj -> D:\gopi\connectAlways\MessageInterceptor\poco-1.4.7-all\poco-1.4.7-all\Foundation\obj\debug_static_mt\Foundation.lib
       FinalizeBuildStatus:
         Deleting file "obj\debug_static_mt\Foundation.unsuccessfulbuild".
         Touching "obj\debug_static_mt\Foundation.lastbuildstate".
     1>Done Building Project "D:\gopi\connectAlways\MessageInterceptor\poco-1.4.7-all\poco-1.4.7-all\Foundation\Foundation_vs90.vcxproj" (build target(s)).

Build succeeded.

Time Elapsed 00:00:14.03
